2025-07-28 19:39:00,365 - INFO - Starting test import with sample data
2025-07-28 19:39:00,366 - INFO - Loading sample CSV data...
2025-07-28 19:39:00,384 - INFO - Loaded 1000 sample products from CSV
2025-07-28 19:39:00,384 - INFO - Starting import process for 1000 products
2025-07-28 19:39:00,673 - INFO - Processed product 24-MB01 successfully
2025-07-28 19:39:01,046 - INFO - Processed product 24-MB04 successfully
2025-07-28 19:39:01,305 - INFO - Processed product 24-MB03 successfully
2025-07-28 19:39:01,543 - INFO - Processed product 24-MB05 successfully
2025-07-28 19:39:01,781 - INFO - Processed product 24-MB06 successfully
2025-07-28 19:39:02,047 - INFO - Processed product 24-MB02 successfully
2025-07-28 19:39:02,284 - INFO - Processed product 24-UB02 successfully
2025-07-28 19:39:02,533 - INFO - Processed product 24-WB01 successfully
2025-07-28 19:39:02,775 - INFO - Processed product 24-WB02 successfully
2025-07-28 19:39:03,026 - INFO - Processed product 24-WB05 successfully
2025-07-28 19:39:03,259 - INFO - Processed product 24-WB06 successfully
2025-07-28 19:39:03,591 - INFO - Processed product 24-WB03 successfully
2025-07-28 19:39:03,868 - INFO - Processed product 24-WB07 successfully
2025-07-28 19:39:04,109 - INFO - Processed product 24-WB04 successfully
2025-07-28 19:39:04,353 - INFO - Processed product 24-UG06 successfully
2025-07-28 19:39:04,578 - INFO - Processed product 24-UG07 successfully
2025-07-28 19:39:04,847 - INFO - Processed product 24-UG04 successfully
2025-07-28 19:39:05,083 - INFO - Processed product 24-UG02 successfully
2025-07-28 19:39:05,313 - INFO - Processed product 24-UG05 successfully
2025-07-28 19:39:05,546 - INFO - Processed product 24-UG01 successfully
2025-07-28 19:39:05,776 - INFO - Processed product 24-WG084 successfully
2025-07-28 19:39:05,998 - INFO - Processed product 24-WG088 successfully
2025-07-28 19:39:06,249 - INFO - Processed product 24-UG03 successfully
2025-07-28 19:39:06,477 - INFO - Processed product 24-WG081-gray successfully
2025-07-28 19:39:06,722 - INFO - Processed product 24-WG081-pink successfully
2025-07-28 19:39:06,950 - INFO - Processed product 24-WG081-blue successfully
2025-07-28 19:39:07,170 - INFO - Processed product 24-WG082-gray successfully
